NOTE: Picked up JDK_JAVA_OPTIONS:  --add-opens=java.base/java.lang=ALL-UNNAMED --add-opens=java.base/java.io=ALL-UNNAMED --add-opens=java.rmi/sun.rmi.transport=ALL-UNNAMED
12-Sep-2018 08:56:57.225 INFO [main] org.apache.catalina.startup.VersionLoggerListener.log Server version:        Apache Tomcat/9.0.12
12-Sep-2018 08:56:57.227 INFO [main] org.apache.catalina.startup.VersionLoggerListener.log Server built:          Sep 4 2018 22:13:41 UTC
12-Sep-2018 08:56:57.227 INFO [main] org.apache.catalina.startup.VersionLoggerListener.log Server number:         9.0.12.0
12-Sep-2018 08:56:57.227 INFO [main] org.apache.catalina.startup.VersionLoggerListener.log OS Name:               Linux
12-Sep-2018 08:56:57.227 INFO [main] org.apache.catalina.startup.VersionLoggerListener.log OS Version:            4.15.0-33-generic
12-Sep-2018 08:56:57.228 INFO [main] org.apache.catalina.startup.VersionLoggerListener.log Architecture:          amd64
12-Sep-2018 08:56:57.228 INFO [main] org.apache.catalina.startup.VersionLoggerListener.log Java Home:             /usr/lib/jvm/java-11-openjdk-amd64
12-Sep-2018 08:56:57.228 INFO [main] org.apache.catalina.startup.VersionLoggerListener.log JVM Version:           10.0.2+13-Ubuntu-1ubuntu0.18.04.1
12-Sep-2018 08:56:57.228 INFO [main] org.apache.catalina.startup.VersionLoggerListener.log JVM Vendor:            Oracle Corporation
12-Sep-2018 08:56:57.228 INFO [main] org.apache.catalina.startup.VersionLoggerListener.log CATALINA_BASE:         /home/geovane/jsf-beginners-guide/apache-tomcat-9.0.12
12-Sep-2018 08:56:57.228 INFO [main] org.apache.catalina.startup.VersionLoggerListener.log CATALINA_HOME:         /home/geovane/jsf-beginners-guide/apache-tomcat-9.0.12
12-Sep-2018 08:56:57.229 INFO [main] org.apache.catalina.startup.VersionLoggerListener.log Command line argument: --add-opens=java.base/java.lang=ALL-UNNAMED
12-Sep-2018 08:56:57.229 INFO [main] org.apache.catalina.startup.VersionLoggerListener.log Command line argument: --add-opens=java.base/java.io=ALL-UNNAMED
12-Sep-2018 08:56:57.229 INFO [main] org.apache.catalina.startup.VersionLoggerListener.log Command line argument: --add-opens=java.rmi/sun.rmi.transport=ALL-UNNAMED
12-Sep-2018 08:56:57.229 INFO [main] org.apache.catalina.startup.VersionLoggerListener.log Command line argument: -Djava.util.logging.config.file=/home/geovane/jsf-beginners-guide/apache-tomcat-9.0.12/conf/logging.properties
12-Sep-2018 08:56:57.229 INFO [main] org.apache.catalina.startup.VersionLoggerListener.log Command line argument: -Djava.util.logging.manager=org.apache.juli.ClassLoaderLogManager
12-Sep-2018 08:56:57.230 INFO [main] org.apache.catalina.startup.VersionLoggerListener.log Command line argument: -Djdk.tls.ephemeralDHKeySize=2048
12-Sep-2018 08:56:57.230 INFO [main] org.apache.catalina.startup.VersionLoggerListener.log Command line argument: -Djava.protocol.handler.pkgs=org.apache.catalina.webresources
12-Sep-2018 08:56:57.230 INFO [main] org.apache.catalina.startup.VersionLoggerListener.log Command line argument: -Dorg.apache.catalina.security.SecurityListener.UMASK=0027
12-Sep-2018 08:56:57.230 INFO [main] org.apache.catalina.startup.VersionLoggerListener.log Command line argument: -Dignore.endorsed.dirs=
12-Sep-2018 08:56:57.230 INFO [main] org.apache.catalina.startup.VersionLoggerListener.log Command line argument: -Dcatalina.base=/home/geovane/jsf-beginners-guide/apache-tomcat-9.0.12
12-Sep-2018 08:56:57.230 INFO [main] org.apache.catalina.startup.VersionLoggerListener.log Command line argument: -Dcatalina.home=/home/geovane/jsf-beginners-guide/apache-tomcat-9.0.12
12-Sep-2018 08:56:57.230 INFO [main] org.apache.catalina.startup.VersionLoggerListener.log Command line argument: -Djava.io.tmpdir=/home/geovane/jsf-beginners-guide/apache-tomcat-9.0.12/temp
12-Sep-2018 08:56:57.230 INFO [main] org.apache.catalina.core.AprLifecycleListener.lifecycleEvent The APR based Apache Tomcat Native library which allows optimal performance in production environments was not found on the java.library.path: [/usr/java/packages/lib:/usr/lib/x86_64-linux-gnu/jni:/lib/x86_64-linux-gnu:/usr/lib/x86_64-linux-gnu:/usr/lib/jni:/lib:/usr/lib]
12-Sep-2018 08:56:57.278 INFO [main] org.apache.coyote.AbstractProtocol.init Initializing ProtocolHandler ["http-nio-8080"]
12-Sep-2018 08:56:57.428 INFO [main] org.apache.tomcat.util.net.NioSelectorPool.getSharedSelector Using a shared selector for servlet write/read
12-Sep-2018 08:56:57.447 INFO [main] org.apache.coyote.AbstractProtocol.init Initializing ProtocolHandler ["ajp-nio-8009"]
12-Sep-2018 08:56:57.450 INFO [main] org.apache.tomcat.util.net.NioSelectorPool.getSharedSelector Using a shared selector for servlet write/read
12-Sep-2018 08:56:57.451 INFO [main] org.apache.catalina.startup.Catalina.load Initialization processed in 1700 ms
12-Sep-2018 08:56:57.543 INFO [main] org.apache.catalina.core.StandardService.startInternal Starting service [Catalina]
12-Sep-2018 08:56:57.543 INFO [main] org.apache.catalina.core.StandardEngine.startInternal Starting Servlet Engine: Apache Tomcat/9.0.12
12-Sep-2018 08:56:57.562 INFO [main] org.apache.catalina.startup.HostConfig.deployDirectory Deploying web application directory [/home/geovane/jsf-beginners-guide/apache-tomcat-9.0.12/webapps/examples]
12-Sep-2018 08:56:58.105 INFO [main] org.apache.catalina.startup.HostConfig.deployDirectory Deployment of web application directory [/home/geovane/jsf-beginners-guide/apache-tomcat-9.0.12/webapps/examples] has finished in [542] ms
12-Sep-2018 08:56:58.105 INFO [main] org.apache.catalina.startup.HostConfig.deployDirectory Deploying web application directory [/home/geovane/jsf-beginners-guide/apache-tomcat-9.0.12/webapps/ROOT]
12-Sep-2018 08:56:58.118 INFO [main] org.apache.catalina.startup.HostConfig.deployDirectory Deployment of web application directory [/home/geovane/jsf-beginners-guide/apache-tomcat-9.0.12/webapps/ROOT] has finished in [13] ms
12-Sep-2018 08:56:58.118 INFO [main] org.apache.catalina.startup.HostConfig.deployDirectory Deploying web application directory [/home/geovane/jsf-beginners-guide/apache-tomcat-9.0.12/webapps/host-manager]
12-Sep-2018 08:56:58.144 INFO [main] org.apache.catalina.startup.HostConfig.deployDirectory Deployment of web application directory [/home/geovane/jsf-beginners-guide/apache-tomcat-9.0.12/webapps/host-manager] has finished in [26] ms
12-Sep-2018 08:56:58.144 INFO [main] org.apache.catalina.startup.HostConfig.deployDirectory Deploying web application directory [/home/geovane/jsf-beginners-guide/apache-tomcat-9.0.12/webapps/manager]
12-Sep-2018 08:56:58.160 INFO [main] org.apache.catalina.startup.HostConfig.deployDirectory Deployment of web application directory [/home/geovane/jsf-beginners-guide/apache-tomcat-9.0.12/webapps/manager] has finished in [16] ms
12-Sep-2018 08:56:58.160 INFO [main] org.apache.catalina.startup.HostConfig.deployDirectory Deploying web application directory [/home/geovane/jsf-beginners-guide/apache-tomcat-9.0.12/webapps/docs]
12-Sep-2018 08:56:58.172 INFO [main] org.apache.catalina.startup.HostConfig.deployDirectory Deployment of web application directory [/home/geovane/jsf-beginners-guide/apache-tomcat-9.0.12/webapps/docs] has finished in [12] ms
12-Sep-2018 08:56:58.174 INFO [main] org.apache.coyote.AbstractProtocol.start Starting ProtocolHandler ["http-nio-8080"]
12-Sep-2018 08:56:58.183 INFO [main] org.apache.coyote.AbstractProtocol.start Starting ProtocolHandler ["ajp-nio-8009"]
12-Sep-2018 08:56:58.186 INFO [main] org.apache.catalina.startup.Catalina.start Server startup in 734 ms
12-Sep-2018 08:56:59.398 INFO [main] org.apache.catalina.core.StandardServer.await A valid shutdown command was received via the shutdown port. Stopping the Server instance.
12-Sep-2018 08:56:59.398 INFO [main] org.apache.coyote.AbstractProtocol.pause Pausing ProtocolHandler ["http-nio-8080"]
12-Sep-2018 08:56:59.450 INFO [main] org.apache.coyote.AbstractProtocol.pause Pausing ProtocolHandler ["ajp-nio-8009"]
12-Sep-2018 08:56:59.501 INFO [main] org.apache.catalina.core.StandardService.stopInternal Stopping service [Catalina]
12-Sep-2018 08:56:59.574 INFO [main] org.apache.coyote.AbstractProtocol.stop Stopping ProtocolHandler ["http-nio-8080"]
12-Sep-2018 08:56:59.577 INFO [main] org.apache.coyote.AbstractProtocol.stop Stopping ProtocolHandler ["ajp-nio-8009"]
12-Sep-2018 08:56:59.581 INFO [main] org.apache.coyote.AbstractProtocol.destroy Destroying ProtocolHandler ["http-nio-8080"]
12-Sep-2018 08:56:59.581 INFO [main] org.apache.coyote.AbstractProtocol.destroy Destroying ProtocolHandler ["ajp-nio-8009"]
